time="2022-12-01T22:19:42+02:00" level=info msg="create router" func="main.main()" file="app.go:15"
time="2022-12-01T22:22:36+02:00" level=info msg="create router" func="main.main()" file="app.go:15"
time="2022-12-01T22:24:36+02:00" level=info msg="create router" func="main.main()" file="app.go:15"
time="2022-12-01T22:24:36+02:00" level=info msg="register user handler" func="main.main()" file="app.go:18"
time="2022-12-01T22:27:57+02:00" level=info msg="create router" func="main.main()" file="app.go:14"
time="2022-12-01T22:27:57+02:00" level=info msg="register user handler" func="main.main()" file="app.go:17"
time="2022-12-01T22:27:57+02:00" level=info msg="start application" func="main.start()" file="app.go:26"
time="2022-12-01T22:27:57+02:00" level=info msg="server is listening port 0.0.0.0:1234" func="main.start()" file="app.go:38"
time="2022-12-04T21:59:03+02:00" level=info msg="create router" func="main.main()" file="app.go:19"
time="2022-12-04T21:59:03+02:00" level=info msg="read application configuration" func="new-rest-api/internal/config.GetConfig.func1()" file="config.go:24"
time="2022-12-04T21:59:03+02:00" level=info msg="register user handler" func="main.main()" file="app.go:23"
time="2022-12-04T21:59:03+02:00" level=info msg="start application" func="main.start()" file="app.go:32"
time="2022-12-04T21:59:03+02:00" level=info msg="listen tcp" func="main.start()" file="app.go:50"
time="2022-12-04T21:59:03+02:00" level=info msg="server is listening port 0.0.0.0:10000" func="main.start()" file="app.go:64"
time="2022-12-04T22:01:05+02:00" level=info msg="create router" func="main.main()" file="app.go:19"
time="2022-12-04T22:01:05+02:00" level=info msg="read application configuration" func="new-rest-api/internal/config.GetConfig.func1()" file="config.go:24"
time="2022-12-04T22:01:05+02:00" level=info msg="register user handler" func="main.main()" file="app.go:23"
time="2022-12-04T22:01:05+02:00" level=info msg="start application" func="main.start()" file="app.go:32"
time="2022-12-04T22:01:05+02:00" level=info msg="create socket" func="main.start()" file="app.go:42"
time="2022-12-04T22:01:05+02:00" level=debug msg="socket path: C:\\Users\\Андрей\\AppData\\Local\\Temp\\GoLand/app.sock" func="main.start()" file="app.go:44"
time="2022-12-04T22:01:05+02:00" level=info msg="listen unix socket" func="main.start()" file="app.go:46"
time="2022-12-04T22:01:06+02:00" level=info msg="server is listening port 127.0.0.1:8080" func="main.start()" file="app.go:64"
time="2022-12-04T22:06:41+02:00" level=info msg="create router" func="main.main()" file="app.go:19"
time="2022-12-04T22:06:41+02:00" level=info msg="read application configuration" func="new-rest-api/internal/config.GetConfig.func1()" file="config.go:24"
time="2022-12-04T22:06:41+02:00" level=info msg="register user handler" func="main.main()" file="app.go:23"
time="2022-12-04T22:06:41+02:00" level=info msg="start application" func="main.start()" file="app.go:32"
time="2022-12-04T22:06:41+02:00" level=info msg="detect app path" func="main.start()" file="app.go:38"
time="2022-12-04T22:06:41+02:00" level=info msg="create socket" func="main.start()" file="app.go:43"
time="2022-12-04T22:06:41+02:00" level=info msg="listen unix socket" func="main.start()" file="app.go:46"
time="2022-12-04T22:06:41+02:00" level=info msg="server is listening unix socket C:\\Users\\Андрей\\new-rest-api\\build/app.sock" func="main.start()" file="app.go:48"
time="2022-12-04T22:11:24+02:00" level=info msg="create router" func="main.main()" file="app.go:19"
time="2022-12-04T22:11:24+02:00" level=info msg="read application configuration" func="new-rest-api/internal/config.GetConfig.func1()" file="config.go:24"
time="2022-12-04T22:11:24+02:00" level=info msg="register user handler" func="main.main()" file="app.go:23"
time="2022-12-04T22:11:24+02:00" level=info msg="start application" func="main.start()" file="app.go:32"
time="2022-12-04T22:11:24+02:00" level=info msg="listen tcp" func="main.start()" file="app.go:51"
time="2022-12-04T22:11:24+02:00" level=info msg="server is listening port 0.0.0.0:10000" func="main.start()" file="app.go:53"
time="2022-12-04T22:12:52+02:00" level=info msg="create router" func="main.main()" file="app.go:19"
time="2022-12-04T22:13:11+02:00" level=info msg="read application configuration" func="new-rest-api/internal/config.GetConfig.func1()" file="config.go:24"
time="2022-12-04T22:13:56+02:00" level=info msg="create router" func="main.main()" file="app.go:19"
time="2022-12-04T22:13:59+02:00" level=info msg="read application configuration" func="new-rest-api/internal/config.GetConfig.func1()" file="config.go:24"
time="2022-12-11T20:16:57+02:00" level=info msg="create router" func="main.main()" file="app.go:22"
time="2022-12-11T20:16:57+02:00" level=info msg="read application configuration" func="new-rest-api/internal/config.GetConfig.func1()" file="config.go:33"
time="2022-12-11T20:20:51+02:00" level=info msg="create router" func="main.main()" file="app.go:22"
time="2022-12-11T20:20:51+02:00" level=info msg="read application configuration" func="new-rest-api/internal/config.GetConfig.func1()" file="config.go:33"
time="2022-12-11T21:10:15+02:00" level=info msg="create router" func="main.main()" file="app.go:22"
time="2022-12-11T21:10:15+02:00" level=info msg="read application configuration" func="new-rest-api/internal/config.GetConfig.func1()" file="config.go:33"
time="2022-12-11T21:16:53+02:00" level=debug msg="create user" func="new-rest-api/internal/user/db.(*db).Create()" file="mongodb.go:20"
time="2022-12-11T21:16:54+02:00" level=debug msg="convert InsertID to ObjectID" func="new-rest-api/internal/user/db.(*db).Create()" file="mongodb.go:25"
time="2022-12-11T21:30:41+02:00" level=info msg="create router" func="main.main()" file="app.go:22"
time="2022-12-11T21:30:41+02:00" level=info msg="read application configuration" func="new-rest-api/internal/config.GetConfig.func1()" file="config.go:33"
time="2022-12-11T21:33:35+02:00" level=debug msg="create user" func="new-rest-api/internal/user/db.(*db).Create()" file="mongodb.go:20"
time="2022-12-11T21:33:35+02:00" level=debug msg="convert InsertID to ObjectID" func="new-rest-api/internal/user/db.(*db).Create()" file="mongodb.go:25"
time="2022-12-11T21:33:37+02:00" level=info msg=6396308f067335b92d310775 func="main.main()" file="app.go:46"
time="2022-12-11T21:33:53+02:00" level=debug msg="create user" func="new-rest-api/internal/user/db.(*db).Create()" file="mongodb.go:20"
time="2022-12-11T21:33:53+02:00" level=debug msg="convert InsertID to ObjectID" func="new-rest-api/internal/user/db.(*db).Create()" file="mongodb.go:25"
time="2022-12-11T21:34:18+02:00" level=info msg=639630a1067335b92d310776 func="main.main()" file="app.go:59"
time="2022-12-11T21:36:23+02:00" level=trace msg="Matched 1 documents and Modified 1 documents" func="new-rest-api/internal/user/db.(*db).Update()" file="mongodb.go:90"
time="2022-12-11T21:37:10+02:00" level=trace msg="Deleted 1 documents" func="new-rest-api/internal/user/db.(*db).Delete()" file="mongodb.go:113"
time="2022-12-11T22:07:28+02:00" level=info msg="create router" func="main.main()" file="app.go:22"
time="2022-12-11T22:07:28+02:00" level=info msg="read application configuration" func="new-rest-api/internal/config.GetConfig.func1()" file="config.go:33"
time="2022-12-11T22:07:28+02:00" level=info msg="register user handler" func="main.main()" file="app.go:38"
time="2022-12-11T22:07:28+02:00" level=info msg="start application" func="main.start()" file="app.go:47"
time="2022-12-11T22:07:28+02:00" level=info msg="detect app path" func="main.start()" file="app.go:53"
time="2022-12-11T22:07:28+02:00" level=info msg="create socket" func="main.start()" file="app.go:58"
time="2022-12-11T22:07:28+02:00" level=info msg="listen unix socket" func="main.start()" file="app.go:61"
time="2022-12-11T22:07:29+02:00" level=info msg="server is listening unix socket C:\\Users\\Андрей\\new-rest-api\\build/app.sock" func="main.start()" file="app.go:63"
time="2022-12-11T22:07:29+02:00" level=fatal msg="listen unix C:\\Users\\Андрей\\new-rest-api\\build/app.sock: bind: Only one usage of each socket address (protocol/network address/port) is normally permitted." func="main.start()" file="app.go:72"
time="2022-12-11T22:07:49+02:00" level=info msg="create router" func="main.main()" file="app.go:22"
time="2022-12-11T22:07:49+02:00" level=info msg="read application configuration" func="new-rest-api/internal/config.GetConfig.func1()" file="config.go:33"
time="2022-12-19T20:08:28+02:00" level=info msg="create router" func="main.main()" file="app.go:19"
time="2022-12-19T20:08:28+02:00" level=info msg="read application configuration" func="new-rest-api/internal/config.GetConfig.func1()" file="config.go:33"
time="2022-12-19T20:08:28+02:00" level=info msg="register user handler" func="main.main()" file="app.go:32"
time="2022-12-19T20:08:28+02:00" level=info msg="start application" func="main.start()" file="app.go:41"
time="2022-12-19T20:08:28+02:00" level=info msg="listen tcp" func="main.start()" file="app.go:60"
time="2022-12-19T20:08:28+02:00" level=info msg="server is listening port 127.0.0.1:1234" func="main.start()" file="app.go:62"
time="2022-12-19T20:12:10+02:00" level=info msg="create router" func="main.main()" file="app.go:19"
time="2022-12-19T20:12:10+02:00" level=info msg="read application configuration" func="new-rest-api/internal/config.GetConfig.func1()" file="config.go:33"
time="2022-12-19T20:12:10+02:00" level=info msg="register user handler" func="main.main()" file="app.go:32"
time="2022-12-19T20:12:10+02:00" level=info msg="start application" func="main.start()" file="app.go:41"
time="2022-12-19T20:12:10+02:00" level=info msg="listen tcp" func="main.start()" file="app.go:60"
time="2022-12-19T20:12:10+02:00" level=info msg="server is listening port 127.0.0.1:1234" func="main.start()" file="app.go:62"
time="2022-12-19T20:18:29+02:00" level=info msg="create router" func="main.main()" file="app.go:19"
time="2022-12-19T20:18:29+02:00" level=info msg="read application configuration" func="new-rest-api/internal/config.GetConfig.func1()" file="config.go:33"
time="2022-12-19T20:18:29+02:00" level=info msg="register user handler" func="main.main()" file="app.go:32"
time="2022-12-19T20:18:29+02:00" level=info msg="start application" func="main.start()" file="app.go:41"
time="2022-12-19T20:18:29+02:00" level=info msg="listen tcp" func="main.start()" file="app.go:60"
time="2022-12-19T20:18:29+02:00" level=info msg="server is listening port 127.0.0.1:1234" func="main.start()" file="app.go:62"
time="2023-07-12T21:02:17+03:00" level=info msg="create router" func="main.main()" file="app.go:19"
time="2023-07-12T21:02:17+03:00" level=info msg="read application configuration" func="new-rest-api/internal/config.GetConfig.func1()" file="config.go:33"
time="2023-07-12T21:02:17+03:00" level=info msg="register user handler" func="main.main()" file="app.go:32"
time="2023-07-12T21:02:17+03:00" level=info msg="start application" func="main.start()" file="app.go:41"
time="2023-07-12T21:02:17+03:00" level=info msg="listen tcp" func="main.start()" file="app.go:60"
time="2023-07-12T21:02:17+03:00" level=info msg="server is listening port 127.0.0.1:1234" func="main.start()" file="app.go:62"
